2026-05-26T15:31:07.397Z [INFO] ----------------------invoke appmod-redirect-to-upgrade-agent----------------------
2026-05-26T15:31:07.399Z [INFO] [Tool.invoke]({name: appmod-redirect-to-upgrade-agent, modelId: auto, input: {
  "originalPrompt": "Execute java-version-upgrade for project at d:\\BiodataOUH. BRANCH: modernize/java-20260526223045\nWorkspace: d:\\BiodataOUH\nThe coordinator has already created and checked out this branch — do NOT run git checkout, git switch, or #appmod-version-control with action createBranch. Commit directly on the current HEAD.\nNo rulebook was detected.",
  "projectPath": "d:\\BiodataOUH"
}}).
2026-05-26T15:31:07.400Z [INFO] [Tool.invoke] do invoke.
2026-05-26T15:31:07.401Z [INFO] [RedirectToUpgradeAgentTool] Redirecting to custom agent "modernize-java-upgrade" with prompt: Execute java-version-upgrade for project at d:\BiodataOUH. BRANCH: modernize/java-20260526223045
Workspace: d:\BiodataOUH
The coordinator has already created and checked out this branch — do NOT run git checkout, git switch, or #appmod-version-control with action createBranch. Commit directly on the current HEAD.
No rulebook was detected.
2026-05-26T15:31:07.619Z [INFO] [RedirectToUpgradeAgentTool] Redirected to custom agent "modernize-java-upgrade". User MUST switch to the new agent to continue.
2026-05-26T15:31:07.620Z [INFO] [Tool.invoke]({result: {
  "message": "The upgrade request has been redirected to the \"modernize-java-upgrade\" agent in a new chat session. You MUST! stop processing in this session.",
  "result": {
    "redirected": true,
    "agentName": "modernize-java-upgrade",
    "prompt": "Execute java-version-upgrade for project at d:\\BiodataOUH. BRANCH: modernize/java-20260526223045\nWorkspace: d:\\BiodataOUH\nThe coordinator has already created and checked out this branch — do NOT run git checkout, git switch, or #appmod-version-control with action createBranch. Commit directly on the current HEAD.\nNo rulebook was detected."
  }
}}).
2026-05-26T15:31:07.620Z [INFO] ----------------------invoked appmod-redirect-to-upgrade-agent----------------------
